[0.092s] Invoking command in '/home/evilguti/Documentos/GitHub/cam_video_example_ws/build/cam_video_example': CMAKE_PREFIX_PATH=${CMAKE_PREFIX_PATH}:/opt/ros/humble CONDA_PROMPT_MODIFIER=(base) /usr/bin/cmake --build /home/evilguti/Documentos/GitHub/cam_video_example_ws/build/cam_video_example -- -j16 -l16
[0.115s] -- Found ament_cmake: 1.3.6 (/opt/ros/humble/share/ament_cmake/cmake)
[0.279s] -- Found cv_bridge: 3.2.1 (/opt/ros/humble/share/cv_bridge/cmake)
[0.348s] -- Found rosidl_generator_c: 3.1.5 (/opt/ros/humble/share/rosidl_generator_c/cmake)
[0.355s] -- Found rosidl_adapter: 3.1.5 (/opt/ros/humble/share/rosidl_adapter/cmake)
[0.366s] -- Found rosidl_generator_cpp: 3.1.5 (/opt/ros/humble/share/rosidl_generator_cpp/cmake)
[0.385s] -- Using all available rosidl_typesupport_c: rosidl_typesupport_fastrtps_c;rosidl_typesupport_introspection_c
[0.407s] -- Using all available rosidl_typesupport_cpp: rosidl_typesupport_fastrtps_cpp;rosidl_typesupport_introspection_cpp
[0.662s] [31mCMake Error at CMakeLists.txt:11 (find_package):
[0.662s]   By not providing "Findopencv2.cmake" in CMAKE_MODULE_PATH this project has
[0.662s]   asked CMake to find a package configuration file provided by "opencv2", but
[0.662s]   CMake did not find one.
[0.663s] 
[0.663s]   Could not find a package configuration file provided by "opencv2" with any
[0.663s]   of the following names:
[0.663s] 
[0.663s]     opencv2Config.cmake
[0.663s]     opencv2-config.cmake
[0.663s] 
[0.663s]   Add the installation prefix of "opencv2" to CMAKE_PREFIX_PATH or set
[0.663s]   "opencv2_DIR" to a directory containing one of the above files.  If
[0.663s]   "opencv2" provides a separate development package or SDK, be sure it has
[0.663s]   been installed.
[0.663s] 
[0.663s] [0m
[0.663s] -- Configuring incomplete, errors occurred!
[0.664s] See also "/home/evilguti/Documentos/GitHub/cam_video_example_ws/build/cam_video_example/CMakeFiles/CMakeOutput.log".
[0.666s] gmake: *** [Makefile:226: cmake_check_build_system] Error 1
[0.669s] Invoked command in '/home/evilguti/Documentos/GitHub/cam_video_example_ws/build/cam_video_example' returned '2': CMAKE_PREFIX_PATH=${CMAKE_PREFIX_PATH}:/opt/ros/humble CONDA_PROMPT_MODIFIER=(base) /usr/bin/cmake --build /home/evilguti/Documentos/GitHub/cam_video_example_ws/build/cam_video_example -- -j16 -l16
