[0.897s] DEBUG:colcon:Command line arguments: ['/usr/bin/colcon', 'build']
[0.897s] DEBUG:colcon:Parsed command line arguments: Namespace(log_base=None, log_level=None, verb_name='build', build_base='build', install_base='install', merge_install=False, symlink_install=False, test_result_base=None, continue_on_error=False, executor='parallel', parallel_workers=16, event_handlers=None, ignore_user_meta=False, metas=['./colcon.meta'], base_paths=['.'], packages_ignore=None, packages_ignore_regex=None, paths=None, packages_up_to=None, packages_up_to_regex=None, packages_above=None, packages_above_and_dependencies=None, packages_above_depth=None, packages_select_by_dep=None, packages_skip_by_dep=None, packages_skip_up_to=None, packages_select_build_failed=False, packages_skip_build_finished=False, packages_select_test_failures=False, packages_skip_test_passed=False, packages_select=None, packages_skip=None, packages_select_regex=None, packages_skip_regex=None, packages_start=None, packages_end=None, allow_overriding=[], cmake_args=None, cmake_target=None, cmake_target_skip_unavailable=False, cmake_clean_cache=False, cmake_clean_first=False, cmake_force_configure=False, ament_cmake_args=None, catkin_cmake_args=None, catkin_skip_building_tests=False, verb_parser=<colcon_defaults.argument_parser.defaults.DefaultArgumentsDecorator object at 0x7f0ed7893af0>, verb_extension=<colcon_core.verb.build.BuildVerb object at 0x7f0ed7893760>, main=<bound method BuildVerb.main of <colcon_core.verb.build.BuildVerb object at 0x7f0ed7893760>>)
[0.936s] Level 1:colcon.colcon_core.package_discovery:discover_packages(colcon_meta) check parameters
[0.936s] Level 1:colcon.colcon_core.package_discovery:discover_packages(recursive) check parameters
[0.936s] Level 1:colcon.colcon_core.package_discovery:discover_packages(ignore) check parameters
[0.936s] Level 1:colcon.colcon_core.package_discovery:discover_packages(path) check parameters
[0.937s] Level 1:colcon.colcon_core.package_discovery:discover_packages(colcon_meta) discover
[0.937s] Level 1:colcon.colcon_core.package_discovery:discover_packages(recursive) discover
[0.937s] INFO:colcon.colcon_core.package_discovery:Crawling recursively for packages in '/home/evilguti/Documentos/GitHub/cam_video_example_ws'
[0.937s] Level 1:colcon.colcon_core.package_identification:_identify(.) by extensions ['ignore', 'ignore_ament_install']
[0.937s] Level 1:colcon.colcon_core.package_identification:_identify(.) by extension 'ignore'
[0.937s] Level 1:colcon.colcon_core.package_identification:_identify(.) by extension 'ignore_ament_install'
[0.937s] Level 1:colcon.colcon_core.package_identification:_identify(.) by extensions ['colcon_pkg']
[0.937s] Level 1:colcon.colcon_core.package_identification:_identify(.) by extension 'colcon_pkg'
[0.937s] Level 1:colcon.colcon_core.package_identification:_identify(.) by extensions ['colcon_meta']
[0.937s] Level 1:colcon.colcon_core.package_identification:_identify(.) by extension 'colcon_meta'
[0.937s] Level 1:colcon.colcon_core.package_identification:_identify(.) by extensions ['ros']
[0.937s] Level 1:colcon.colcon_core.package_identification:_identify(.) by extension 'ros'
[0.944s] Level 1:colcon.colcon_core.package_identification:_identify(.) by extensions ['cmake', 'python']
[0.944s] Level 1:colcon.colcon_core.package_identification:_identify(.) by extension 'cmake'
[0.944s] Level 1:colcon.colcon_core.package_identification:_identify(.) by extension 'python'
[0.945s] Level 1:colcon.colcon_core.package_identification:_identify(.) by extensions ['python_setup_py']
[0.945s] Level 1:colcon.colcon_core.package_identification:_identify(.) by extension 'python_setup_py'
[0.945s] Level 1:colcon.colcon_core.package_identification:_identify(build) by extensions ['ignore', 'ignore_ament_install']
[0.945s] Level 1:colcon.colcon_core.package_identification:_identify(build) by extension 'ignore'
[0.945s] Level 1:colcon.colcon_core.package_identification:_identify(build) ignored
[0.945s] Level 1:colcon.colcon_core.package_identification:_identify(cam_video_example) by extensions ['ignore', 'ignore_ament_install']
[0.945s] Level 1:colcon.colcon_core.package_identification:_identify(cam_video_example) by extension 'ignore'
[0.945s] Level 1:colcon.colcon_core.package_identification:_identify(cam_video_example) by extension 'ignore_ament_install'
[0.945s] Level 1:colcon.colcon_core.package_identification:_identify(cam_video_example) by extensions ['colcon_pkg']
[0.945s] Level 1:colcon.colcon_core.package_identification:_identify(cam_video_example) by extension 'colcon_pkg'
[0.945s] Level 1:colcon.colcon_core.package_identification:_identify(cam_video_example) by extensions ['colcon_meta']
[0.945s] Level 1:colcon.colcon_core.package_identification:_identify(cam_video_example) by extension 'colcon_meta'
[0.945s] Level 1:colcon.colcon_core.package_identification:_identify(cam_video_example) by extensions ['ros']
[0.945s] Level 1:colcon.colcon_core.package_identification:_identify(cam_video_example) by extension 'ros'
[0.945s] Level 1:colcon.colcon_core.package_identification:_identify(cam_video_example) by extensions ['cmake', 'python']
[0.945s] Level 1:colcon.colcon_core.package_identification:_identify(cam_video_example) by extension 'cmake'
[0.945s] Level 1:colcon.colcon_core.package_identification:_identify(cam_video_example) by extension 'python'
[0.945s] Level 1:colcon.colcon_core.package_identification:_identify(cam_video_example) by extensions ['python_setup_py']
[0.945s] Level 1:colcon.colcon_core.package_identification:_identify(cam_video_example) by extension 'python_setup_py'
[0.945s] Level 1:colcon.colcon_core.package_identification:_identify(cam_video_example/build) by extensions ['ignore', 'ignore_ament_install']
[0.945s] Level 1:colcon.colcon_core.package_identification:_identify(cam_video_example/build) by extension 'ignore'
[0.946s] Level 1:colcon.colcon_core.package_identification:_identify(cam_video_example/build) ignored
[0.946s] Level 1:colcon.colcon_core.package_identification:_identify(cam_video_example/install) by extensions ['ignore', 'ignore_ament_install']
[0.946s] Level 1:colcon.colcon_core.package_identification:_identify(cam_video_example/install) by extension 'ignore'
[0.946s] Level 1:colcon.colcon_core.package_identification:_identify(cam_video_example/install) ignored
[0.946s] Level 1:colcon.colcon_core.package_identification:_identify(cam_video_example/log) by extensions ['ignore', 'ignore_ament_install']
[0.946s] Level 1:colcon.colcon_core.package_identification:_identify(cam_video_example/log) by extension 'ignore'
[0.946s] Level 1:colcon.colcon_core.package_identification:_identify(cam_video_example/log) ignored
[0.946s] Level 1:colcon.colcon_core.package_identification:_identify(cam_video_example/src) by extensions ['ignore', 'ignore_ament_install']
[0.946s] Level 1:colcon.colcon_core.package_identification:_identify(cam_video_example/src) by extension 'ignore'
[0.946s] Level 1:colcon.colcon_core.package_identification:_identify(cam_video_example/src) by extension 'ignore_ament_install'
[0.946s] Level 1:colcon.colcon_core.package_identification:_identify(cam_video_example/src) by extensions ['colcon_pkg']
[0.946s] Level 1:colcon.colcon_core.package_identification:_identify(cam_video_example/src) by extension 'colcon_pkg'
[0.946s] Level 1:colcon.colcon_core.package_identification:_identify(cam_video_example/src) by extensions ['colcon_meta']
[0.946s] Level 1:colcon.colcon_core.package_identification:_identify(cam_video_example/src) by extension 'colcon_meta'
[0.946s] Level 1:colcon.colcon_core.package_identification:_identify(cam_video_example/src) by extensions ['ros']
[0.946s] Level 1:colcon.colcon_core.package_identification:_identify(cam_video_example/src) by extension 'ros'
[0.946s] Level 1:colcon.colcon_core.package_identification:_identify(cam_video_example/src) by extensions ['cmake', 'python']
[0.946s] Level 1:colcon.colcon_core.package_identification:_identify(cam_video_example/src) by extension 'cmake'
[0.946s] Level 1:colcon.colcon_core.package_identification:_identify(cam_video_example/src) by extension 'python'
[0.946s] Level 1:colcon.colcon_core.package_identification:_identify(cam_video_example/src) by extensions ['python_setup_py']
[0.946s] Level 1:colcon.colcon_core.package_identification:_identify(cam_video_example/src) by extension 'python_setup_py'
[0.947s] Level 1:colcon.colcon_core.package_identification:_identify(cam_video_example/src/cam_video_example) by extensions ['ignore', 'ignore_ament_install']
[0.947s] Level 1:colcon.colcon_core.package_identification:_identify(cam_video_example/src/cam_video_example) by extension 'ignore'
[0.947s] Level 1:colcon.colcon_core.package_identification:_identify(cam_video_example/src/cam_video_example) by extension 'ignore_ament_install'
[0.947s] Level 1:colcon.colcon_core.package_identification:_identify(cam_video_example/src/cam_video_example) by extensions ['colcon_pkg']
[0.947s] Level 1:colcon.colcon_core.package_identification:_identify(cam_video_example/src/cam_video_example) by extension 'colcon_pkg'
[0.947s] Level 1:colcon.colcon_core.package_identification:_identify(cam_video_example/src/cam_video_example) by extensions ['colcon_meta']
[0.947s] Level 1:colcon.colcon_core.package_identification:_identify(cam_video_example/src/cam_video_example) by extension 'colcon_meta'
[0.947s] Level 1:colcon.colcon_core.package_identification:_identify(cam_video_example/src/cam_video_example) by extensions ['ros']
[0.947s] Level 1:colcon.colcon_core.package_identification:_identify(cam_video_example/src/cam_video_example) by extension 'ros'
[0.949s] DEBUG:colcon.colcon_core.package_identification:Package 'cam_video_example/src/cam_video_example' with type 'ros.ament_cmake' and name 'cam_video_example'
[0.949s] Level 1:colcon.colcon_core.package_identification:_identify(install) by extensions ['ignore', 'ignore_ament_install']
[0.949s] Level 1:colcon.colcon_core.package_identification:_identify(install) by extension 'ignore'
[0.949s] Level 1:colcon.colcon_core.package_identification:_identify(install) ignored
[0.949s] Level 1:colcon.colcon_core.package_identification:_identify(log) by extensions ['ignore', 'ignore_ament_install']
[0.949s] Level 1:colcon.colcon_core.package_identification:_identify(log) by extension 'ignore'
[0.949s] Level 1:colcon.colcon_core.package_identification:_identify(log) ignored
[0.949s] Level 1:colcon.colcon_core.package_discovery:discover_packages(recursive) using defaults
[0.949s] Level 1:colcon.colcon_core.package_discovery:discover_packages(ignore) discover
[0.949s] Level 1:colcon.colcon_core.package_discovery:discover_packages(ignore) using defaults
[0.949s] Level 1:colcon.colcon_core.package_discovery:discover_packages(path) discover
[0.949s] Level 1:colcon.colcon_core.package_discovery:discover_packages(path) using defaults
[1.030s] Level 1:colcon.colcon_core.package_discovery:discover_packages(prefix_path) check parameters
[1.030s] Level 1:colcon.colcon_core.package_discovery:discover_packages(prefix_path) discover
[1.059s] DEBUG:colcon.colcon_installed_package_information.package_discovery:Found 1 installed packages in /home/evilguti/Documentos/GitHub/cam_video_example_ws/install
[1.074s] DEBUG:colcon.colcon_installed_package_information.package_discovery:Found 372 installed packages in /opt/ros/humble
[1.086s] Level 1:colcon.colcon_core.package_discovery:discover_packages(prefix_path) using defaults
[1.179s] Level 5:colcon.colcon_core.verb:set package 'cam_video_example' build argument 'cmake_args' from command line to 'None'
[1.179s] Level 5:colcon.colcon_core.verb:set package 'cam_video_example' build argument 'cmake_target' from command line to 'None'
[1.179s] Level 5:colcon.colcon_core.verb:set package 'cam_video_example' build argument 'cmake_target_skip_unavailable' from command line to 'False'
[1.179s] Level 5:colcon.colcon_core.verb:set package 'cam_video_example' build argument 'cmake_clean_cache' from command line to 'False'
[1.179s] Level 5:colcon.colcon_core.verb:set package 'cam_video_example' build argument 'cmake_clean_first' from command line to 'False'
[1.179s] Level 5:colcon.colcon_core.verb:set package 'cam_video_example' build argument 'cmake_force_configure' from command line to 'False'
[1.179s] Level 5:colcon.colcon_core.verb:set package 'cam_video_example' build argument 'ament_cmake_args' from command line to 'None'
[1.179s] Level 5:colcon.colcon_core.verb:set package 'cam_video_example' build argument 'catkin_cmake_args' from command line to 'None'
[1.179s] Level 5:colcon.colcon_core.verb:set package 'cam_video_example' build argument 'catkin_skip_building_tests' from command line to 'False'
[1.179s] DEBUG:colcon.colcon_core.verb:Building package 'cam_video_example' with the following arguments: {'ament_cmake_args': None, 'build_base': '/home/evilguti/Documentos/GitHub/cam_video_example_ws/build/cam_video_example', 'catkin_cmake_args': None, 'catkin_skip_building_tests': False, 'cmake_args': None, 'cmake_clean_cache': False, 'cmake_clean_first': False, 'cmake_force_configure': False, 'cmake_target': None, 'cmake_target_skip_unavailable': False, 'install_base': '/home/evilguti/Documentos/GitHub/cam_video_example_ws/install/cam_video_example', 'merge_install': False, 'path': '/home/evilguti/Documentos/GitHub/cam_video_example_ws/cam_video_example/src/cam_video_example', 'symlink_install': False, 'test_result_base': None}
[1.194s] INFO:colcon.colcon_core.executor:Executing jobs using 'parallel' executor
[1.209s] DEBUG:colcon.colcon_parallel_executor.executor.parallel:run_until_complete
[1.209s] INFO:colcon.colcon_ros.task.ament_cmake.build:Building ROS package in '/home/evilguti/Documentos/GitHub/cam_video_example_ws/cam_video_example/src/cam_video_example' with build type 'ament_cmake'
[1.209s] INFO:colcon.colcon_cmake.task.cmake.build:Building CMake package in '/home/evilguti/Documentos/GitHub/cam_video_example_ws/cam_video_example/src/cam_video_example'
[1.226s] INFO:colcon.colcon_core.plugin_system:Skipping extension 'colcon_core.shell.bat': Not used on non-Windows systems
[1.227s] INFO:colcon.colcon_core.shell:Skip shell extension 'powershell' for command environment: Not usable outside of PowerShell
[1.227s] DEBUG:colcon.colcon_core.shell:Skip shell extension 'dsv' for command environment
[1.278s] DEBUG:colcon.colcon_core.event_handler.log_command:Invoking command in '/home/evilguti/Documentos/GitHub/cam_video_example_ws/build/cam_video_example': CMAKE_PREFIX_PATH=${CMAKE_PREFIX_PATH}:/opt/ros/humble CONDA_PROMPT_MODIFIER=(base) /usr/bin/cmake --build /home/evilguti/Documentos/GitHub/cam_video_example_ws/build/cam_video_example -- -j16 -l16
[5.202s] DEBUG:colcon.colcon_core.event_handler.log_command:Invoked command in '/home/evilguti/Documentos/GitHub/cam_video_example_ws/build/cam_video_example' returned '0': CMAKE_PREFIX_PATH=${CMAKE_PREFIX_PATH}:/opt/ros/humble CONDA_PROMPT_MODIFIER=(base) /usr/bin/cmake --build /home/evilguti/Documentos/GitHub/cam_video_example_ws/build/cam_video_example -- -j16 -l16
[5.235s] DEBUG:colcon.colcon_core.event_handler.log_command:Invoking command in '/home/evilguti/Documentos/GitHub/cam_video_example_ws/build/cam_video_example': CMAKE_PREFIX_PATH=${CMAKE_PREFIX_PATH}:/opt/ros/humble CONDA_PROMPT_MODIFIER=(base) /usr/bin/cmake --install /home/evilguti/Documentos/GitHub/cam_video_example_ws/build/cam_video_example
[5.244s] Level 1:colcon.colcon_core.environment:create_environment_scripts_only(cam_video_example)
[5.245s] DEBUG:colcon.colcon_core.event_handler.log_command:Invoked command in '/home/evilguti/Documentos/GitHub/cam_video_example_ws/build/cam_video_example' returned '0': CMAKE_PREFIX_PATH=${CMAKE_PREFIX_PATH}:/opt/ros/humble CONDA_PROMPT_MODIFIER=(base) /usr/bin/cmake --install /home/evilguti/Documentos/GitHub/cam_video_example_ws/build/cam_video_example
[5.268s] Level 1:colcon.colcon_core.environment:checking '/home/evilguti/Documentos/GitHub/cam_video_example_ws/install/cam_video_example' for CMake module files
[5.269s] Level 1:colcon.colcon_core.environment:checking '/home/evilguti/Documentos/GitHub/cam_video_example_ws/install/cam_video_example' for CMake config files
[5.269s] Level 1:colcon.colcon_core.shell:create_environment_hook('cam_video_example', 'cmake_prefix_path')
[5.288s] INFO:colcon.colcon_core.shell:Creating environment hook '/home/evilguti/Documentos/GitHub/cam_video_example_ws/install/cam_video_example/share/cam_video_example/hook/cmake_prefix_path.ps1'
[5.288s] INFO:colcon.colcon_core.shell:Creating environment descriptor '/home/evilguti/Documentos/GitHub/cam_video_example_ws/install/cam_video_example/share/cam_video_example/hook/cmake_prefix_path.dsv'
[5.289s] INFO:colcon.colcon_core.shell:Creating environment hook '/home/evilguti/Documentos/GitHub/cam_video_example_ws/install/cam_video_example/share/cam_video_example/hook/cmake_prefix_path.sh'
[5.289s] Level 1:colcon.colcon_core.environment:checking '/home/evilguti/Documentos/GitHub/cam_video_example_ws/install/cam_video_example/lib'
[5.290s] Level 1:colcon.colcon_core.environment:checking '/home/evilguti/Documentos/GitHub/cam_video_example_ws/install/cam_video_example/bin'
[5.290s] Level 1:colcon.colcon_core.environment:checking '/home/evilguti/Documentos/GitHub/cam_video_example_ws/install/cam_video_example/lib/pkgconfig/cam_video_example.pc'
[5.290s] Level 1:colcon.colcon_core.environment:checking '/home/evilguti/Documentos/GitHub/cam_video_example_ws/install/cam_video_example/lib/python3.10/site-packages'
[5.290s] Level 1:colcon.colcon_core.environment:checking '/home/evilguti/Documentos/GitHub/cam_video_example_ws/install/cam_video_example/bin'
[5.308s] INFO:colcon.colcon_core.shell:Creating package script '/home/evilguti/Documentos/GitHub/cam_video_example_ws/install/cam_video_example/share/cam_video_example/package.ps1'
[5.309s] INFO:colcon.colcon_core.shell:Creating package descriptor '/home/evilguti/Documentos/GitHub/cam_video_example_ws/install/cam_video_example/share/cam_video_example/package.dsv'
[5.309s] INFO:colcon.colcon_core.shell:Creating package script '/home/evilguti/Documentos/GitHub/cam_video_example_ws/install/cam_video_example/share/cam_video_example/package.sh'
[5.310s] INFO:colcon.colcon_core.shell:Creating package script '/home/evilguti/Documentos/GitHub/cam_video_example_ws/install/cam_video_example/share/cam_video_example/package.bash'
[5.310s] INFO:colcon.colcon_core.shell:Creating package script '/home/evilguti/Documentos/GitHub/cam_video_example_ws/install/cam_video_example/share/cam_video_example/package.zsh'
[5.311s] Level 1:colcon.colcon_core.environment:create_file_with_runtime_dependencies(/home/evilguti/Documentos/GitHub/cam_video_example_ws/install/cam_video_example/share/colcon-core/packages/cam_video_example)
[5.358s] Level 1:colcon.colcon_core.environment:create_environment_scripts_only(cam_video_example)
[5.377s] Level 1:colcon.colcon_core.environment:checking '/home/evilguti/Documentos/GitHub/cam_video_example_ws/install/cam_video_example' for CMake module files
[5.378s] Level 1:colcon.colcon_core.environment:checking '/home/evilguti/Documentos/GitHub/cam_video_example_ws/install/cam_video_example' for CMake config files
[5.378s] Level 1:colcon.colcon_core.shell:create_environment_hook('cam_video_example', 'cmake_prefix_path')
[5.395s] INFO:colcon.colcon_core.shell:Creating environment hook '/home/evilguti/Documentos/GitHub/cam_video_example_ws/install/cam_video_example/share/cam_video_example/hook/cmake_prefix_path.ps1'
[5.395s] INFO:colcon.colcon_core.shell:Creating environment descriptor '/home/evilguti/Documentos/GitHub/cam_video_example_ws/install/cam_video_example/share/cam_video_example/hook/cmake_prefix_path.dsv'
[5.395s] INFO:colcon.colcon_core.shell:Creating environment hook '/home/evilguti/Documentos/GitHub/cam_video_example_ws/install/cam_video_example/share/cam_video_example/hook/cmake_prefix_path.sh'
[5.396s] Level 1:colcon.colcon_core.environment:checking '/home/evilguti/Documentos/GitHub/cam_video_example_ws/install/cam_video_example/lib'
[5.396s] Level 1:colcon.colcon_core.environment:checking '/home/evilguti/Documentos/GitHub/cam_video_example_ws/install/cam_video_example/bin'
[5.396s] Level 1:colcon.colcon_core.environment:checking '/home/evilguti/Documentos/GitHub/cam_video_example_ws/install/cam_video_example/lib/pkgconfig/cam_video_example.pc'
[5.397s] Level 1:colcon.colcon_core.environment:checking '/home/evilguti/Documentos/GitHub/cam_video_example_ws/install/cam_video_example/lib/python3.10/site-packages'
[5.397s] Level 1:colcon.colcon_core.environment:checking '/home/evilguti/Documentos/GitHub/cam_video_example_ws/install/cam_video_example/bin'
[5.415s] INFO:colcon.colcon_core.shell:Creating package script '/home/evilguti/Documentos/GitHub/cam_video_example_ws/install/cam_video_example/share/cam_video_example/package.ps1'
[5.415s] INFO:colcon.colcon_core.shell:Creating package descriptor '/home/evilguti/Documentos/GitHub/cam_video_example_ws/install/cam_video_example/share/cam_video_example/package.dsv'
[5.416s] INFO:colcon.colcon_core.shell:Creating package script '/home/evilguti/Documentos/GitHub/cam_video_example_ws/install/cam_video_example/share/cam_video_example/package.sh'
[5.416s] INFO:colcon.colcon_core.shell:Creating package script '/home/evilguti/Documentos/GitHub/cam_video_example_ws/install/cam_video_example/share/cam_video_example/package.bash'
[5.416s] INFO:colcon.colcon_core.shell:Creating package script '/home/evilguti/Documentos/GitHub/cam_video_example_ws/install/cam_video_example/share/cam_video_example/package.zsh'
[5.417s] Level 1:colcon.colcon_core.environment:create_file_with_runtime_dependencies(/home/evilguti/Documentos/GitHub/cam_video_example_ws/install/cam_video_example/share/colcon-core/packages/cam_video_example)
[5.417s] DEBUG:colcon.colcon_parallel_executor.executor.parallel:closing loop
[5.417s] DEBUG:colcon.colcon_parallel_executor.executor.parallel:loop closed
[5.418s] DEBUG:colcon.colcon_parallel_executor.executor.parallel:run_until_complete finished with '0'
[5.418s] DEBUG:colcon.colcon_core.event_reactor:joining thread
[5.441s] INFO:colcon.colcon_core.plugin_system:Skipping extension 'colcon_notification.desktop_notification.terminal_notifier': Not used on non-Darwin systems
[5.441s] INFO:colcon.colcon_core.plugin_system:Skipping extension 'colcon_notification.desktop_notification.win32': Not used on non-Windows systems
[5.441s] INFO:colcon.colcon_notification.desktop_notification:Sending desktop notification using 'notify2'
[5.453s] DEBUG:colcon.colcon_core.event_reactor:joined thread
[5.472s] INFO:colcon.colcon_core.shell:Creating prefix script '/home/evilguti/Documentos/GitHub/cam_video_example_ws/install/local_setup.ps1'
[5.473s] INFO:colcon.colcon_core.shell:Creating prefix util module '/home/evilguti/Documentos/GitHub/cam_video_example_ws/install/_local_setup_util_ps1.py'
[5.474s] INFO:colcon.colcon_core.shell:Creating prefix chain script '/home/evilguti/Documentos/GitHub/cam_video_example_ws/install/setup.ps1'
[5.495s] INFO:colcon.colcon_core.shell:Creating prefix script '/home/evilguti/Documentos/GitHub/cam_video_example_ws/install/local_setup.sh'
[5.495s] INFO:colcon.colcon_core.shell:Creating prefix util module '/home/evilguti/Documentos/GitHub/cam_video_example_ws/install/_local_setup_util_sh.py'
[5.496s] INFO:colcon.colcon_core.shell:Creating prefix chain script '/home/evilguti/Documentos/GitHub/cam_video_example_ws/install/setup.sh'
[5.516s] INFO:colcon.colcon_core.shell:Creating prefix script '/home/evilguti/Documentos/GitHub/cam_video_example_ws/install/local_setup.bash'
[5.517s] INFO:colcon.colcon_core.shell:Creating prefix chain script '/home/evilguti/Documentos/GitHub/cam_video_example_ws/install/setup.bash'
[5.536s] INFO:colcon.colcon_core.shell:Creating prefix script '/home/evilguti/Documentos/GitHub/cam_video_example_ws/install/local_setup.zsh'
[5.537s] INFO:colcon.colcon_core.shell:Creating prefix chain script '/home/evilguti/Documentos/GitHub/cam_video_example_ws/install/setup.zsh'
