[2.126s] DEBUG:colcon:Command line arguments: ['/usr/bin/colcon', 'list', '-p', '--base-paths', '/home/evilguti/Documents/apsv/ROS2_cam_publisher']
[2.126s] DEBUG:colcon:Parsed command line arguments: Namespace(log_base=None, log_level=None, verb_name='list', build_base='build', ignore_user_meta=False, metas=['./colcon.meta'], base_paths=['/home/evilguti/Documents/apsv/ROS2_cam_publisher'], packages_ignore=None, packages_ignore_regex=None, paths=None, packages_up_to=None, packages_up_to_regex=None, packages_above=None, packages_above_and_dependencies=None, packages_above_depth=None, packages_select_by_dep=None, packages_skip_by_dep=None, packages_skip_up_to=None, packages_select_build_failed=False, packages_skip_build_finished=False, packages_select_test_failures=False, packages_skip_test_passed=False, packages_select=None, packages_skip=None, packages_select_regex=None, packages_skip_regex=None, packages_start=None, packages_end=None, allow_overriding=[], topological_order=False, names_only=False, paths_only=True, topological_graph=False, topological_graph_dot=False, topological_graph_density=False, topological_graph_legend=False, topological_graph_dot_cluster=False, topological_graph_dot_include_skipped=False, verb_parser=<colcon_defaults.argument_parser.defaults.DefaultArgumentsDecorator object at 0x7fb3d9f04cd0>, verb_extension=<colcon_package_information.verb.list.ListVerb object at 0x7fb3da9a5300>, main=<bound method ListVerb.main of <colcon_package_information.verb.list.ListVerb object at 0x7fb3da9a5300>>)
[2.221s] Level 1:colcon.colcon_core.package_discovery:discover_packages(colcon_meta) check parameters
[2.221s] Level 1:colcon.colcon_core.package_discovery:discover_packages(recursive) check parameters
[2.221s] Level 1:colcon.colcon_core.package_discovery:discover_packages(ignore) check parameters
[2.221s] Level 1:colcon.colcon_core.package_discovery:discover_packages(path) check parameters
[2.221s] Level 1:colcon.colcon_core.package_discovery:discover_packages(recursive) discover
[2.221s] INFO:colcon.colcon_core.package_discovery:Crawling recursively for packages in '/home/evilguti/Documents/apsv/ROS2_cam_publisher'
[2.221s] Level 1:colcon.colcon_core.package_identification:_identify(/home/evilguti/Documents/apsv/ROS2_cam_publisher) by extensions ['ignore', 'ignore_ament_install']
[2.222s] Level 1:colcon.colcon_core.package_identification:_identify(/home/evilguti/Documents/apsv/ROS2_cam_publisher) by extension 'ignore'
[2.222s] Level 1:colcon.colcon_core.package_identification:_identify(/home/evilguti/Documents/apsv/ROS2_cam_publisher) by extension 'ignore_ament_install'
[2.222s] Level 1:colcon.colcon_core.package_identification:_identify(/home/evilguti/Documents/apsv/ROS2_cam_publisher) by extensions ['colcon_pkg']
[2.222s] Level 1:colcon.colcon_core.package_identification:_identify(/home/evilguti/Documents/apsv/ROS2_cam_publisher) by extension 'colcon_pkg'
[2.222s] Level 1:colcon.colcon_core.package_identification:_identify(/home/evilguti/Documents/apsv/ROS2_cam_publisher) by extensions ['colcon_meta']
[2.222s] Level 1:colcon.colcon_core.package_identification:_identify(/home/evilguti/Documents/apsv/ROS2_cam_publisher) by extension 'colcon_meta'
[2.222s] Level 1:colcon.colcon_core.package_identification:_identify(/home/evilguti/Documents/apsv/ROS2_cam_publisher) by extensions ['ros']
[2.222s] Level 1:colcon.colcon_core.package_identification:_identify(/home/evilguti/Documents/apsv/ROS2_cam_publisher) by extension 'ros'
[2.239s] Level 1:colcon.colcon_core.package_identification:_identify(/home/evilguti/Documents/apsv/ROS2_cam_publisher) by extensions ['cmake', 'python']
[2.239s] Level 1:colcon.colcon_core.package_identification:_identify(/home/evilguti/Documents/apsv/ROS2_cam_publisher) by extension 'cmake'
[2.239s] Level 1:colcon.colcon_core.package_identification:_identify(/home/evilguti/Documents/apsv/ROS2_cam_publisher) by extension 'python'
[2.239s] Level 1:colcon.colcon_core.package_identification:_identify(/home/evilguti/Documents/apsv/ROS2_cam_publisher) by extensions ['python_setup_py']
[2.239s] Level 1:colcon.colcon_core.package_identification:_identify(/home/evilguti/Documents/apsv/ROS2_cam_publisher) by extension 'python_setup_py'
[2.239s] Level 1:colcon.colcon_core.package_identification:_identify(/home/evilguti/Documents/apsv/ROS2_cam_publisher/build) by extensions ['ignore', 'ignore_ament_install']
[2.240s] Level 1:colcon.colcon_core.package_identification:_identify(/home/evilguti/Documents/apsv/ROS2_cam_publisher/build) by extension 'ignore'
[2.240s] Level 1:colcon.colcon_core.package_identification:_identify(/home/evilguti/Documents/apsv/ROS2_cam_publisher/build) ignored
[2.240s] Level 1:colcon.colcon_core.package_identification:_identify(/home/evilguti/Documents/apsv/ROS2_cam_publisher/install) by extensions ['ignore', 'ignore_ament_install']
[2.240s] Level 1:colcon.colcon_core.package_identification:_identify(/home/evilguti/Documents/apsv/ROS2_cam_publisher/install) by extension 'ignore'
[2.240s] Level 1:colcon.colcon_core.package_identification:_identify(/home/evilguti/Documents/apsv/ROS2_cam_publisher/install) ignored
[2.240s] Level 1:colcon.colcon_core.package_identification:_identify(/home/evilguti/Documents/apsv/ROS2_cam_publisher/log) by extensions ['ignore', 'ignore_ament_install']
[2.240s] Level 1:colcon.colcon_core.package_identification:_identify(/home/evilguti/Documents/apsv/ROS2_cam_publisher/log) by extension 'ignore'
[2.240s] Level 1:colcon.colcon_core.package_identification:_identify(/home/evilguti/Documents/apsv/ROS2_cam_publisher/log) ignored
[2.241s] Level 1:colcon.colcon_core.package_identification:_identify(/home/evilguti/Documents/apsv/ROS2_cam_publisher/src) by extensions ['ignore', 'ignore_ament_install']
[2.241s] Level 1:colcon.colcon_core.package_identification:_identify(/home/evilguti/Documents/apsv/ROS2_cam_publisher/src) by extension 'ignore'
[2.241s] Level 1:colcon.colcon_core.package_identification:_identify(/home/evilguti/Documents/apsv/ROS2_cam_publisher/src) by extension 'ignore_ament_install'
[2.241s] Level 1:colcon.colcon_core.package_identification:_identify(/home/evilguti/Documents/apsv/ROS2_cam_publisher/src) by extensions ['colcon_pkg']
[2.241s] Level 1:colcon.colcon_core.package_identification:_identify(/home/evilguti/Documents/apsv/ROS2_cam_publisher/src) by extension 'colcon_pkg'
[2.241s] Level 1:colcon.colcon_core.package_identification:_identify(/home/evilguti/Documents/apsv/ROS2_cam_publisher/src) by extensions ['colcon_meta']
[2.241s] Level 1:colcon.colcon_core.package_identification:_identify(/home/evilguti/Documents/apsv/ROS2_cam_publisher/src) by extension 'colcon_meta'
[2.241s] Level 1:colcon.colcon_core.package_identification:_identify(/home/evilguti/Documents/apsv/ROS2_cam_publisher/src) by extensions ['ros']
[2.241s] Level 1:colcon.colcon_core.package_identification:_identify(/home/evilguti/Documents/apsv/ROS2_cam_publisher/src) by extension 'ros'
[2.241s] Level 1:colcon.colcon_core.package_identification:_identify(/home/evilguti/Documents/apsv/ROS2_cam_publisher/src) by extensions ['cmake', 'python']
[2.241s] Level 1:colcon.colcon_core.package_identification:_identify(/home/evilguti/Documents/apsv/ROS2_cam_publisher/src) by extension 'cmake'
[2.242s] Level 1:colcon.colcon_core.package_identification:_identify(/home/evilguti/Documents/apsv/ROS2_cam_publisher/src) by extension 'python'
[2.242s] Level 1:colcon.colcon_core.package_identification:_identify(/home/evilguti/Documents/apsv/ROS2_cam_publisher/src) by extensions ['python_setup_py']
[2.242s] Level 1:colcon.colcon_core.package_identification:_identify(/home/evilguti/Documents/apsv/ROS2_cam_publisher/src) by extension 'python_setup_py'
[2.242s] Level 1:colcon.colcon_core.package_identification:_identify(/home/evilguti/Documents/apsv/ROS2_cam_publisher/src/cam_video_example) by extensions ['ignore', 'ignore_ament_install']
[2.242s] Level 1:colcon.colcon_core.package_identification:_identify(/home/evilguti/Documents/apsv/ROS2_cam_publisher/src/cam_video_example) by extension 'ignore'
[2.242s] Level 1:colcon.colcon_core.package_identification:_identify(/home/evilguti/Documents/apsv/ROS2_cam_publisher/src/cam_video_example) by extension 'ignore_ament_install'
[2.242s] Level 1:colcon.colcon_core.package_identification:_identify(/home/evilguti/Documents/apsv/ROS2_cam_publisher/src/cam_video_example) by extensions ['colcon_pkg']
[2.242s] Level 1:colcon.colcon_core.package_identification:_identify(/home/evilguti/Documents/apsv/ROS2_cam_publisher/src/cam_video_example) by extension 'colcon_pkg'
[2.242s] Level 1:colcon.colcon_core.package_identification:_identify(/home/evilguti/Documents/apsv/ROS2_cam_publisher/src/cam_video_example) by extensions ['colcon_meta']
[2.242s] Level 1:colcon.colcon_core.package_identification:_identify(/home/evilguti/Documents/apsv/ROS2_cam_publisher/src/cam_video_example) by extension 'colcon_meta'
[2.243s] Level 1:colcon.colcon_core.package_identification:_identify(/home/evilguti/Documents/apsv/ROS2_cam_publisher/src/cam_video_example) by extensions ['ros']
[2.243s] Level 1:colcon.colcon_core.package_identification:_identify(/home/evilguti/Documents/apsv/ROS2_cam_publisher/src/cam_video_example) by extension 'ros'
[2.247s] DEBUG:colcon.colcon_core.package_identification:Package '/home/evilguti/Documents/apsv/ROS2_cam_publisher/src/cam_video_example' with type 'ros.ament_cmake' and name 'cam_video_example'
[2.248s] Level 1:colcon.colcon_core.package_discovery:discover_packages(recursive) using defaults
