[35m[1mConsolidate compiler generated dependencies of target camera_publisher[0m
[ 50%] [32mBuilding CXX object CMakeFiles/camera_publisher.dir/src/camera_publisher.cpp.o[0m
[100%] [32m[1mLinking CXX executable camera_publisher[0m
[100%] Built target camera_publisher
-- Install configuration: ""
-- Installing: /home/evilguti/Documentos/GitHub/cam_video_example_ws/install/cam_video_example/lib/cam_video_example/camera_publisher
-- Set runtime path of "/home/evilguti/Documentos/GitHub/cam_video_example_ws/install/cam_video_example/lib/cam_video_example/camera_publisher" to ""
-- Up-to-date: /home/evilguti/Documentos/GitHub/cam_video_example_ws/install/cam_video_example/share/ament_index/resource_index/package_run_dependencies/cam_video_example
-- Up-to-date: /home/evilguti/Documentos/GitHub/cam_video_example_ws/install/cam_video_example/share/ament_index/resource_index/parent_prefix_path/cam_video_example
-- Up-to-date: /home/evilguti/Documentos/GitHub/cam_video_example_ws/install/cam_video_example/share/cam_video_example/environment/ament_prefix_path.sh
-- Up-to-date: /home/evilguti/Documentos/GitHub/cam_video_example_ws/install/cam_video_example/share/cam_video_example/environment/ament_prefix_path.dsv
-- Up-to-date: /home/evilguti/Documentos/GitHub/cam_video_example_ws/install/cam_video_example/share/cam_video_example/environment/path.sh
-- Up-to-date: /home/evilguti/Documentos/GitHub/cam_video_example_ws/install/cam_video_example/share/cam_video_example/environment/path.dsv
-- Up-to-date: /home/evilguti/Documentos/GitHub/cam_video_example_ws/install/cam_video_example/share/cam_video_example/local_setup.bash
-- Up-to-date: /home/evilguti/Documentos/GitHub/cam_video_example_ws/install/cam_video_example/share/cam_video_example/local_setup.sh
-- Up-to-date: /home/evilguti/Documentos/GitHub/cam_video_example_ws/install/cam_video_example/share/cam_video_example/local_setup.zsh
-- Up-to-date: /home/evilguti/Documentos/GitHub/cam_video_example_ws/install/cam_video_example/share/cam_video_example/local_setup.dsv
-- Installing: /home/evilguti/Documentos/GitHub/cam_video_example_ws/install/cam_video_example/share/cam_video_example/package.dsv
-- Up-to-date: /home/evilguti/Documentos/GitHub/cam_video_example_ws/install/cam_video_example/share/ament_index/resource_index/packages/cam_video_example
-- Up-to-date: /home/evilguti/Documentos/GitHub/cam_video_example_ws/install/cam_video_example/share/cam_video_example/cmake/cam_video_exampleConfig.cmake
-- Up-to-date: /home/evilguti/Documentos/GitHub/cam_video_example_ws/install/cam_video_example/share/cam_video_example/cmake/cam_video_exampleConfig-version.cmake
-- Up-to-date: /home/evilguti/Documentos/GitHub/cam_video_example_ws/install/cam_video_example/share/cam_video_example/package.xml
