[1.163s] DEBUG:colcon:Command line arguments: ['/usr/bin/colcon', 'build', '--packages-select', 'cam_video_example', '--cmake-clean-cache']
[1.163s] DEBUG:colcon:Parsed command line arguments: Namespace(log_base=None, log_level=None, verb_name='build', build_base='build', install_base='install', merge_install=False, symlink_install=False, test_result_base=None, continue_on_error=False, executor='parallel', parallel_workers=16, event_handlers=None, ignore_user_meta=False, metas=['./colcon.meta'], base_paths=['.'], packages_ignore=None, packages_ignore_regex=None, paths=None, packages_up_to=None, packages_up_to_regex=None, packages_above=None, packages_above_and_dependencies=None, packages_above_depth=None, packages_select_by_dep=None, packages_skip_by_dep=None, packages_skip_up_to=None, packages_select_build_failed=False, packages_skip_build_finished=False, packages_select_test_failures=False, packages_skip_test_passed=False, packages_select=['cam_video_example'], packages_skip=None, packages_select_regex=None, packages_skip_regex=None, packages_start=None, packages_end=None, allow_overriding=[], cmake_args=None, cmake_target=None, cmake_target_skip_unavailable=False, cmake_clean_cache=True, cmake_clean_first=False, cmake_force_configure=False, ament_cmake_args=None, catkin_cmake_args=None, catkin_skip_building_tests=False, verb_parser=<colcon_defaults.argument_parser.defaults.DefaultArgumentsDecorator object at 0x7fc4fdb90cd0>, verb_extension=<colcon_core.verb.build.BuildVerb object at 0x7fc4fdb92800>, main=<bound method BuildVerb.main of <colcon_core.verb.build.BuildVerb object at 0x7fc4fdb92800>>)
[1.216s] Level 1:colcon.colcon_core.package_discovery:discover_packages(colcon_meta) check parameters
[1.216s] Level 1:colcon.colcon_core.package_discovery:discover_packages(recursive) check parameters
[1.216s] Level 1:colcon.colcon_core.package_discovery:discover_packages(ignore) check parameters
[1.216s] Level 1:colcon.colcon_core.package_discovery:discover_packages(path) check parameters
[1.216s] Level 1:colcon.colcon_core.package_discovery:discover_packages(colcon_meta) discover
[1.216s] Level 1:colcon.colcon_core.package_discovery:discover_packages(recursive) discover
[1.216s] INFO:colcon.colcon_core.package_discovery:Crawling recursively for packages in '/home/evilguti/Documentos/GitHub/cam_video_example_ws'
[1.216s] Level 1:colcon.colcon_core.package_identification:_identify(.) by extensions ['ignore', 'ignore_ament_install']
[1.216s] Level 1:colcon.colcon_core.package_identification:_identify(.) by extension 'ignore'
[1.216s] Level 1:colcon.colcon_core.package_identification:_identify(.) by extension 'ignore_ament_install'
[1.217s] Level 1:colcon.colcon_core.package_identification:_identify(.) by extensions ['colcon_pkg']
[1.217s] Level 1:colcon.colcon_core.package_identification:_identify(.) by extension 'colcon_pkg'
[1.217s] Level 1:colcon.colcon_core.package_identification:_identify(.) by extensions ['colcon_meta']
[1.217s] Level 1:colcon.colcon_core.package_identification:_identify(.) by extension 'colcon_meta'
[1.217s] Level 1:colcon.colcon_core.package_identification:_identify(.) by extensions ['ros']
[1.217s] Level 1:colcon.colcon_core.package_identification:_identify(.) by extension 'ros'
[1.226s] Level 1:colcon.colcon_core.package_identification:_identify(.) by extensions ['cmake', 'python']
[1.226s] Level 1:colcon.colcon_core.package_identification:_identify(.) by extension 'cmake'
[1.226s] Level 1:colcon.colcon_core.package_identification:_identify(.) by extension 'python'
[1.226s] Level 1:colcon.colcon_core.package_identification:_identify(.) by extensions ['python_setup_py']
[1.226s] Level 1:colcon.colcon_core.package_identification:_identify(.) by extension 'python_setup_py'
[1.226s] Level 1:colcon.colcon_core.package_identification:_identify(build) by extensions ['ignore', 'ignore_ament_install']
[1.226s] Level 1:colcon.colcon_core.package_identification:_identify(build) by extension 'ignore'
[1.226s] Level 1:colcon.colcon_core.package_identification:_identify(build) ignored
[1.226s] Level 1:colcon.colcon_core.package_identification:_identify(cam_video_example) by extensions ['ignore', 'ignore_ament_install']
[1.227s] Level 1:colcon.colcon_core.package_identification:_identify(cam_video_example) by extension 'ignore'
[1.227s] Level 1:colcon.colcon_core.package_identification:_identify(cam_video_example) by extension 'ignore_ament_install'
[1.227s] Level 1:colcon.colcon_core.package_identification:_identify(cam_video_example) by extensions ['colcon_pkg']
[1.227s] Level 1:colcon.colcon_core.package_identification:_identify(cam_video_example) by extension 'colcon_pkg'
[1.227s] Level 1:colcon.colcon_core.package_identification:_identify(cam_video_example) by extensions ['colcon_meta']
[1.227s] Level 1:colcon.colcon_core.package_identification:_identify(cam_video_example) by extension 'colcon_meta'
[1.227s] Level 1:colcon.colcon_core.package_identification:_identify(cam_video_example) by extensions ['ros']
[1.227s] Level 1:colcon.colcon_core.package_identification:_identify(cam_video_example) by extension 'ros'
[1.227s] Level 1:colcon.colcon_core.package_identification:_identify(cam_video_example) by extensions ['cmake', 'python']
[1.227s] Level 1:colcon.colcon_core.package_identification:_identify(cam_video_example) by extension 'cmake'
[1.227s] Level 1:colcon.colcon_core.package_identification:_identify(cam_video_example) by extension 'python'
[1.227s] Level 1:colcon.colcon_core.package_identification:_identify(cam_video_example) by extensions ['python_setup_py']
[1.227s] Level 1:colcon.colcon_core.package_identification:_identify(cam_video_example) by extension 'python_setup_py'
[1.227s] Level 1:colcon.colcon_core.package_identification:_identify(cam_video_example/build) by extensions ['ignore', 'ignore_ament_install']
[1.228s] Level 1:colcon.colcon_core.package_identification:_identify(cam_video_example/build) by extension 'ignore'
[1.228s] Level 1:colcon.colcon_core.package_identification:_identify(cam_video_example/build) ignored
[1.228s] Level 1:colcon.colcon_core.package_identification:_identify(cam_video_example/install) by extensions ['ignore', 'ignore_ament_install']
[1.228s] Level 1:colcon.colcon_core.package_identification:_identify(cam_video_example/install) by extension 'ignore'
[1.228s] Level 1:colcon.colcon_core.package_identification:_identify(cam_video_example/install) ignored
[1.228s] Level 1:colcon.colcon_core.package_identification:_identify(cam_video_example/log) by extensions ['ignore', 'ignore_ament_install']
[1.228s] Level 1:colcon.colcon_core.package_identification:_identify(cam_video_example/log) by extension 'ignore'
[1.228s] Level 1:colcon.colcon_core.package_identification:_identify(cam_video_example/log) ignored
[1.228s] Level 1:colcon.colcon_core.package_identification:_identify(cam_video_example/src) by extensions ['ignore', 'ignore_ament_install']
[1.228s] Level 1:colcon.colcon_core.package_identification:_identify(cam_video_example/src) by extension 'ignore'
[1.228s] Level 1:colcon.colcon_core.package_identification:_identify(cam_video_example/src) by extension 'ignore_ament_install'
[1.229s] Level 1:colcon.colcon_core.package_identification:_identify(cam_video_example/src) by extensions ['colcon_pkg']
[1.229s] Level 1:colcon.colcon_core.package_identification:_identify(cam_video_example/src) by extension 'colcon_pkg'
[1.229s] Level 1:colcon.colcon_core.package_identification:_identify(cam_video_example/src) by extensions ['colcon_meta']
[1.229s] Level 1:colcon.colcon_core.package_identification:_identify(cam_video_example/src) by extension 'colcon_meta'
[1.229s] Level 1:colcon.colcon_core.package_identification:_identify(cam_video_example/src) by extensions ['ros']
[1.229s] Level 1:colcon.colcon_core.package_identification:_identify(cam_video_example/src) by extension 'ros'
[1.229s] Level 1:colcon.colcon_core.package_identification:_identify(cam_video_example/src) by extensions ['cmake', 'python']
[1.229s] Level 1:colcon.colcon_core.package_identification:_identify(cam_video_example/src) by extension 'cmake'
[1.229s] Level 1:colcon.colcon_core.package_identification:_identify(cam_video_example/src) by extension 'python'
[1.229s] Level 1:colcon.colcon_core.package_identification:_identify(cam_video_example/src) by extensions ['python_setup_py']
[1.229s] Level 1:colcon.colcon_core.package_identification:_identify(cam_video_example/src) by extension 'python_setup_py'
[1.229s] Level 1:colcon.colcon_core.package_identification:_identify(cam_video_example/src/cam_video_example) by extensions ['ignore', 'ignore_ament_install']
[1.229s] Level 1:colcon.colcon_core.package_identification:_identify(cam_video_example/src/cam_video_example) by extension 'ignore'
[1.229s] Level 1:colcon.colcon_core.package_identification:_identify(cam_video_example/src/cam_video_example) by extension 'ignore_ament_install'
[1.229s] Level 1:colcon.colcon_core.package_identification:_identify(cam_video_example/src/cam_video_example) by extensions ['colcon_pkg']
[1.229s] Level 1:colcon.colcon_core.package_identification:_identify(cam_video_example/src/cam_video_example) by extension 'colcon_pkg'
[1.230s] Level 1:colcon.colcon_core.package_identification:_identify(cam_video_example/src/cam_video_example) by extensions ['colcon_meta']
[1.230s] Level 1:colcon.colcon_core.package_identification:_identify(cam_video_example/src/cam_video_example) by extension 'colcon_meta'
[1.230s] Level 1:colcon.colcon_core.package_identification:_identify(cam_video_example/src/cam_video_example) by extensions ['ros']
[1.230s] Level 1:colcon.colcon_core.package_identification:_identify(cam_video_example/src/cam_video_example) by extension 'ros'
[1.233s] DEBUG:colcon.colcon_core.package_identification:Package 'cam_video_example/src/cam_video_example' with type 'ros.ament_cmake' and name 'cam_video_example'
[1.233s] Level 1:colcon.colcon_core.package_identification:_identify(install) by extensions ['ignore', 'ignore_ament_install']
[1.233s] Level 1:colcon.colcon_core.package_identification:_identify(install) by extension 'ignore'
[1.234s] Level 1:colcon.colcon_core.package_identification:_identify(install) ignored
[1.234s] Level 1:colcon.colcon_core.package_identification:_identify(log) by extensions ['ignore', 'ignore_ament_install']
[1.234s] Level 1:colcon.colcon_core.package_identification:_identify(log) by extension 'ignore'
[1.234s] Level 1:colcon.colcon_core.package_identification:_identify(log) ignored
[1.234s] Level 1:colcon.colcon_core.package_discovery:discover_packages(recursive) using defaults
[1.234s] Level 1:colcon.colcon_core.package_discovery:discover_packages(ignore) discover
[1.234s] Level 1:colcon.colcon_core.package_discovery:discover_packages(ignore) using defaults
[1.234s] Level 1:colcon.colcon_core.package_discovery:discover_packages(path) discover
[1.234s] Level 1:colcon.colcon_core.package_discovery:discover_packages(path) using defaults
[1.352s] Level 1:colcon.colcon_core.package_discovery:discover_packages(prefix_path) check parameters
[1.352s] Level 1:colcon.colcon_core.package_discovery:discover_packages(prefix_path) discover
[1.386s] DEBUG:colcon.colcon_installed_package_information.package_discovery:Found 1 installed packages in /home/evilguti/Documentos/GitHub/cam_video_example_ws/install
[1.405s] DEBUG:colcon.colcon_installed_package_information.package_discovery:Found 372 installed packages in /opt/ros/humble
[1.414s] Level 1:colcon.colcon_core.package_discovery:discover_packages(prefix_path) using defaults
[1.522s] Level 5:colcon.colcon_core.verb:set package 'cam_video_example' build argument 'cmake_args' from command line to 'None'
[1.522s] Level 5:colcon.colcon_core.verb:set package 'cam_video_example' build argument 'cmake_target' from command line to 'None'
[1.522s] Level 5:colcon.colcon_core.verb:set package 'cam_video_example' build argument 'cmake_target_skip_unavailable' from command line to 'False'
[1.522s] Level 5:colcon.colcon_core.verb:set package 'cam_video_example' build argument 'cmake_clean_cache' from command line to 'True'
[1.522s] Level 5:colcon.colcon_core.verb:set package 'cam_video_example' build argument 'cmake_clean_first' from command line to 'False'
[1.522s] Level 5:colcon.colcon_core.verb:set package 'cam_video_example' build argument 'cmake_force_configure' from command line to 'False'
[1.522s] Level 5:colcon.colcon_core.verb:set package 'cam_video_example' build argument 'ament_cmake_args' from command line to 'None'
[1.522s] Level 5:colcon.colcon_core.verb:set package 'cam_video_example' build argument 'catkin_cmake_args' from command line to 'None'
[1.522s] Level 5:colcon.colcon_core.verb:set package 'cam_video_example' build argument 'catkin_skip_building_tests' from command line to 'False'
[1.522s] DEBUG:colcon.colcon_core.verb:Building package 'cam_video_example' with the following arguments: {'ament_cmake_args': None, 'build_base': '/home/evilguti/Documentos/GitHub/cam_video_example_ws/build/cam_video_example', 'catkin_cmake_args': None, 'catkin_skip_building_tests': False, 'cmake_args': None, 'cmake_clean_cache': True, 'cmake_clean_first': False, 'cmake_force_configure': False, 'cmake_target': None, 'cmake_target_skip_unavailable': False, 'install_base': '/home/evilguti/Documentos/GitHub/cam_video_example_ws/install/cam_video_example', 'merge_install': False, 'path': '/home/evilguti/Documentos/GitHub/cam_video_example_ws/cam_video_example/src/cam_video_example', 'symlink_install': False, 'test_result_base': None}
[1.541s] INFO:colcon.colcon_core.executor:Executing jobs using 'parallel' executor
[1.560s] DEBUG:colcon.colcon_parallel_executor.executor.parallel:run_until_complete
[1.561s] INFO:colcon.colcon_ros.task.ament_cmake.build:Building ROS package in '/home/evilguti/Documentos/GitHub/cam_video_example_ws/cam_video_example/src/cam_video_example' with build type 'ament_cmake'
[1.561s] INFO:colcon.colcon_cmake.task.cmake.build:Building CMake package in '/home/evilguti/Documentos/GitHub/cam_video_example_ws/cam_video_example/src/cam_video_example'
[1.582s] INFO:colcon.colcon_core.plugin_system:Skipping extension 'colcon_core.shell.bat': Not used on non-Windows systems
[1.582s] INFO:colcon.colcon_core.shell:Skip shell extension 'powershell' for command environment: Not usable outside of PowerShell
[1.582s] DEBUG:colcon.colcon_core.shell:Skip shell extension 'dsv' for command environment
[1.647s] DEBUG:colcon.colcon_core.event_handler.log_command:Invoking command in '/home/evilguti/Documentos/GitHub/cam_video_example_ws/build/cam_video_example': CMAKE_PREFIX_PATH=${CMAKE_PREFIX_PATH}:/opt/ros/humble CONDA_PROMPT_MODIFIER=(base) /usr/bin/cmake /home/evilguti/Documentos/GitHub/cam_video_example_ws/cam_video_example/src/cam_video_example -DCMAKE_INSTALL_PREFIX=/home/evilguti/Documentos/GitHub/cam_video_example_ws/install/cam_video_example
[3.193s] DEBUG:colcon.colcon_core.event_handler.log_command:Invoked command in '/home/evilguti/Documentos/GitHub/cam_video_example_ws/build/cam_video_example' returned '0': CMAKE_PREFIX_PATH=${CMAKE_PREFIX_PATH}:/opt/ros/humble CONDA_PROMPT_MODIFIER=(base) /usr/bin/cmake /home/evilguti/Documentos/GitHub/cam_video_example_ws/cam_video_example/src/cam_video_example -DCMAKE_INSTALL_PREFIX=/home/evilguti/Documentos/GitHub/cam_video_example_ws/install/cam_video_example
[3.194s] DEBUG:colcon.colcon_core.event_handler.log_command:Invoking command in '/home/evilguti/Documentos/GitHub/cam_video_example_ws/build/cam_video_example': CMAKE_PREFIX_PATH=${CMAKE_PREFIX_PATH}:/opt/ros/humble CONDA_PROMPT_MODIFIER=(base) /usr/bin/cmake --build /home/evilguti/Documentos/GitHub/cam_video_example_ws/build/cam_video_example -- -j16 -l16
[7.870s] DEBUG:colcon.colcon_core.event_handler.log_command:Invoked command in '/home/evilguti/Documentos/GitHub/cam_video_example_ws/build/cam_video_example' returned '2': CMAKE_PREFIX_PATH=${CMAKE_PREFIX_PATH}:/opt/ros/humble CONDA_PROMPT_MODIFIER=(base) /usr/bin/cmake --build /home/evilguti/Documentos/GitHub/cam_video_example_ws/build/cam_video_example -- -j16 -l16
[7.915s] Level 1:colcon.colcon_core.environment:create_environment_scripts_only(cam_video_example)
[7.939s] Level 1:colcon.colcon_core.environment:checking '/home/evilguti/Documentos/GitHub/cam_video_example_ws/install/cam_video_example' for CMake module files
[7.940s] Level 1:colcon.colcon_core.environment:checking '/home/evilguti/Documentos/GitHub/cam_video_example_ws/install/cam_video_example' for CMake config files
[7.940s] Level 1:colcon.colcon_core.shell:create_environment_hook('cam_video_example', 'cmake_prefix_path')
[7.961s] INFO:colcon.colcon_core.shell:Creating environment hook '/home/evilguti/Documentos/GitHub/cam_video_example_ws/install/cam_video_example/share/cam_video_example/hook/cmake_prefix_path.ps1'
[7.962s] INFO:colcon.colcon_core.shell:Creating environment descriptor '/home/evilguti/Documentos/GitHub/cam_video_example_ws/install/cam_video_example/share/cam_video_example/hook/cmake_prefix_path.dsv'
[7.962s] INFO:colcon.colcon_core.shell:Creating environment hook '/home/evilguti/Documentos/GitHub/cam_video_example_ws/install/cam_video_example/share/cam_video_example/hook/cmake_prefix_path.sh'
[7.963s] Level 1:colcon.colcon_core.environment:checking '/home/evilguti/Documentos/GitHub/cam_video_example_ws/install/cam_video_example/lib'
[7.963s] Level 1:colcon.colcon_core.environment:checking '/home/evilguti/Documentos/GitHub/cam_video_example_ws/install/cam_video_example/bin'
[7.963s] Level 1:colcon.colcon_core.environment:checking '/home/evilguti/Documentos/GitHub/cam_video_example_ws/install/cam_video_example/lib/pkgconfig/cam_video_example.pc'
[7.964s] Level 1:colcon.colcon_core.environment:checking '/home/evilguti/Documentos/GitHub/cam_video_example_ws/install/cam_video_example/lib/python3.10/site-packages'
[7.964s] Level 1:colcon.colcon_core.environment:checking '/home/evilguti/Documentos/GitHub/cam_video_example_ws/install/cam_video_example/bin'
[7.981s] INFO:colcon.colcon_core.shell:Creating package script '/home/evilguti/Documentos/GitHub/cam_video_example_ws/install/cam_video_example/share/cam_video_example/package.ps1'
[7.982s] INFO:colcon.colcon_core.shell:Creating package descriptor '/home/evilguti/Documentos/GitHub/cam_video_example_ws/install/cam_video_example/share/cam_video_example/package.dsv'
[7.983s] INFO:colcon.colcon_core.shell:Creating package script '/home/evilguti/Documentos/GitHub/cam_video_example_ws/install/cam_video_example/share/cam_video_example/package.sh'
[7.984s] INFO:colcon.colcon_core.shell:Creating package script '/home/evilguti/Documentos/GitHub/cam_video_example_ws/install/cam_video_example/share/cam_video_example/package.bash'
[7.984s] INFO:colcon.colcon_core.shell:Creating package script '/home/evilguti/Documentos/GitHub/cam_video_example_ws/install/cam_video_example/share/cam_video_example/package.zsh'
[7.985s] Level 1:colcon.colcon_core.environment:create_file_with_runtime_dependencies(/home/evilguti/Documentos/GitHub/cam_video_example_ws/install/cam_video_example/share/colcon-core/packages/cam_video_example)
[7.996s] DEBUG:colcon.colcon_parallel_executor.executor.parallel:closing loop
[7.996s] DEBUG:colcon.colcon_parallel_executor.executor.parallel:loop closed
[7.996s] DEBUG:colcon.colcon_parallel_executor.executor.parallel:run_until_complete finished with '2'
[7.996s] DEBUG:colcon.colcon_core.event_reactor:joining thread
[8.025s] INFO:colcon.colcon_core.plugin_system:Skipping extension 'colcon_notification.desktop_notification.terminal_notifier': Not used on non-Darwin systems
[8.025s] INFO:colcon.colcon_core.plugin_system:Skipping extension 'colcon_notification.desktop_notification.win32': Not used on non-Windows systems
[8.025s] INFO:colcon.colcon_notification.desktop_notification:Sending desktop notification using 'notify2'
[8.037s] DEBUG:colcon.colcon_core.event_reactor:joined thread
[8.059s] INFO:colcon.colcon_core.shell:Creating prefix script '/home/evilguti/Documentos/GitHub/cam_video_example_ws/install/local_setup.ps1'
[8.060s] INFO:colcon.colcon_core.shell:Creating prefix util module '/home/evilguti/Documentos/GitHub/cam_video_example_ws/install/_local_setup_util_ps1.py'
[8.062s] INFO:colcon.colcon_core.shell:Creating prefix chain script '/home/evilguti/Documentos/GitHub/cam_video_example_ws/install/setup.ps1'
[8.085s] INFO:colcon.colcon_core.shell:Creating prefix script '/home/evilguti/Documentos/GitHub/cam_video_example_ws/install/local_setup.sh'
[8.085s] INFO:colcon.colcon_core.shell:Creating prefix util module '/home/evilguti/Documentos/GitHub/cam_video_example_ws/install/_local_setup_util_sh.py'
[8.086s] INFO:colcon.colcon_core.shell:Creating prefix chain script '/home/evilguti/Documentos/GitHub/cam_video_example_ws/install/setup.sh'
[8.107s] INFO:colcon.colcon_core.shell:Creating prefix script '/home/evilguti/Documentos/GitHub/cam_video_example_ws/install/local_setup.bash'
[8.108s] INFO:colcon.colcon_core.shell:Creating prefix chain script '/home/evilguti/Documentos/GitHub/cam_video_example_ws/install/setup.bash'
[8.130s] INFO:colcon.colcon_core.shell:Creating prefix script '/home/evilguti/Documentos/GitHub/cam_video_example_ws/install/local_setup.zsh'
[8.130s] INFO:colcon.colcon_core.shell:Creating prefix chain script '/home/evilguti/Documentos/GitHub/cam_video_example_ws/install/setup.zsh'
