-- The C compiler identification is GNU 11.4.0
-- The CXX compiler identification is GNU 11.4.0
-- Detecting C compiler ABI info
-- Detecting C compiler ABI info - done
-- Check for working C compiler: /usr/bin/cc - skipped
-- Detecting C compile features
-- Detecting C compile features - done
-- Detecting CXX compiler ABI info
-- Detecting CXX compiler ABI info - done
-- Check for working CXX compiler: /usr/bin/c++ - skipped
-- Detecting CXX compile features
-- Detecting CXX compile features - done
-- Found ament_cmake: 1.3.6 (/opt/ros/humble/share/ament_cmake/cmake)
-- Found Python3: /usr/bin/python3.10 (found version "3.10.12") found components: Interpreter 
-- Found rclcpp: 16.0.7 (/opt/ros/humble/share/rclcpp/cmake)
-- Found rosidl_generator_c: 3.1.5 (/opt/ros/humble/share/rosidl_generator_c/cmake)
-- Found rosidl_adapter: 3.1.5 (/opt/ros/humble/share/rosidl_adapter/cmake)
-- Found rosidl_generator_cpp: 3.1.5 (/opt/ros/humble/share/rosidl_generator_cpp/cmake)
-- Using all available rosidl_typesupport_c: rosidl_typesupport_fastrtps_c;rosidl_typesupport_introspection_c
-- Using all available rosidl_typesupport_cpp: rosidl_typesupport_fastrtps_cpp;rosidl_typesupport_introspection_cpp
-- Found rmw_implementation_cmake: 6.1.1 (/opt/ros/humble/share/rmw_implementation_cmake/cmake)
-- Found rmw_cyclonedds_cpp: 1.3.4 (/opt/ros/humble/share/rmw_cyclonedds_cpp/cmake)
-- Using RMW implementation 'rmw_cyclonedds_cpp' as default
-- Looking for pthread.h
-- Looking for pthread.h - found
-- Performing Test CMAKE_HAVE_LIBC_PTHREAD
-- Performing Test CMAKE_HAVE_LIBC_PTHREAD - Success
-- Found Threads: TRUE  
-- Found sensor_msgs: 4.2.3 (/opt/ros/humble/share/sensor_msgs/cmake)
-- Found image_transport: 3.1.7 (/opt/ros/humble/share/image_transport/cmake)
-- Found cv_bridge: 3.2.1 (/opt/ros/humble/share/cv_bridge/cmake)
-- Found OpenCV: /usr (found version "4.5.4") 
-- Found ament_lint_auto: 0.12.9 (/opt/ros/humble/share/ament_lint_auto/cmake)
-- Added test 'cppcheck' to perform static code analysis on C / C++ code
-- Configured cppcheck include dirs: 
-- Configured cppcheck exclude dirs and/or files: 
-- Added test 'lint_cmake' to check CMake code style
-- Added test 'uncrustify' to check C / C++ code style
-- Configured uncrustify additional arguments: 
-- Added test 'xmllint' to check XML markup files
-- Configuring done
-- Generating done
-- Build files have been written to: /home/evilguti/Documentos/GitHub/cam_video_example_ws/build/cam_video_example
[35m[1mConsolidate compiler generated dependencies of target camera_publisher[0m
[ 50%] [32mBuilding CXX object CMakeFiles/camera_publisher.dir/src/camera_publisher.cpp.o[0m
[100%] [32m[1mLinking CXX executable camera_publisher[0m
[100%] Built target camera_publisher
-- Install configuration: ""
-- Installing: /home/evilguti/Documentos/GitHub/cam_video_example_ws/install/cam_video_example/lib/cam_video_example/camera_publisher
-- Set runtime path of "/home/evilguti/Documentos/GitHub/cam_video_example_ws/install/cam_video_example/lib/cam_video_example/camera_publisher" to ""
-- Up-to-date: /home/evilguti/Documentos/GitHub/cam_video_example_ws/install/cam_video_example/share/ament_index/resource_index/package_run_dependencies/cam_video_example
-- Installing: /home/evilguti/Documentos/GitHub/cam_video_example_ws/install/cam_video_example/share/ament_index/resource_index/parent_prefix_path/cam_video_example
-- Up-to-date: /home/evilguti/Documentos/GitHub/cam_video_example_ws/install/cam_video_example/share/cam_video_example/environment/ament_prefix_path.sh
-- Installing: /home/evilguti/Documentos/GitHub/cam_video_example_ws/install/cam_video_example/share/cam_video_example/environment/ament_prefix_path.dsv
-- Up-to-date: /home/evilguti/Documentos/GitHub/cam_video_example_ws/install/cam_video_example/share/cam_video_example/environment/path.sh
-- Installing: /home/evilguti/Documentos/GitHub/cam_video_example_ws/install/cam_video_example/share/cam_video_example/environment/path.dsv
-- Up-to-date: /home/evilguti/Documentos/GitHub/cam_video_example_ws/install/cam_video_example/share/cam_video_example/local_setup.bash
-- Up-to-date: /home/evilguti/Documentos/GitHub/cam_video_example_ws/install/cam_video_example/share/cam_video_example/local_setup.sh
-- Up-to-date: /home/evilguti/Documentos/GitHub/cam_video_example_ws/install/cam_video_example/share/cam_video_example/local_setup.zsh
-- Installing: /home/evilguti/Documentos/GitHub/cam_video_example_ws/install/cam_video_example/share/cam_video_example/local_setup.dsv
-- Installing: /home/evilguti/Documentos/GitHub/cam_video_example_ws/install/cam_video_example/share/cam_video_example/package.dsv
-- Up-to-date: /home/evilguti/Documentos/GitHub/cam_video_example_ws/install/cam_video_example/share/ament_index/resource_index/packages/cam_video_example
-- Up-to-date: /home/evilguti/Documentos/GitHub/cam_video_example_ws/install/cam_video_example/share/cam_video_example/cmake/cam_video_exampleConfig.cmake
-- Up-to-date: /home/evilguti/Documentos/GitHub/cam_video_example_ws/install/cam_video_example/share/cam_video_example/cmake/cam_video_exampleConfig-version.cmake
-- Up-to-date: /home/evilguti/Documentos/GitHub/cam_video_example_ws/install/cam_video_example/share/cam_video_example/package.xml
