[0.100s] Invoking command in '/home/evilguti/Documentos/GitHub/cam_video_example_ws/build/cam_video_example': CMAKE_PREFIX_PATH=${CMAKE_PREFIX_PATH}:/opt/ros/humble CONDA_PROMPT_MODIFIER=(base) /usr/bin/cmake /home/evilguti/Documentos/GitHub/cam_video_example_ws/cam_video_example/src/cam_video_example -DCMAKE_INSTALL_PREFIX=/home/evilguti/Documentos/GitHub/cam_video_example_ws/install/cam_video_example
[0.158s] -- The C compiler identification is GNU 11.4.0
[0.228s] -- The CXX compiler identification is GNU 11.4.0
[0.238s] -- Detecting C compiler ABI info
[0.314s] -- Detecting C compiler ABI info - done
[0.324s] -- Check for working C compiler: /usr/bin/cc - skipped
[0.324s] -- Detecting C compile features
[0.325s] -- Detecting C compile features - done
[0.329s] -- Detecting CXX compiler ABI info
[0.426s] -- Detecting CXX compiler ABI info - done
[0.436s] -- Check for working CXX compiler: /usr/bin/c++ - skipped
[0.436s] -- Detecting CXX compile features
[0.437s] -- Detecting CXX compile features - done
[0.439s] -- Found ament_cmake: 1.3.6 (/opt/ros/humble/share/ament_cmake/cmake)
[0.633s] -- Found Python3: /usr/bin/python3.10 (found version "3.10.12") found components: Interpreter 
[0.729s] -- Found rclcpp: 16.0.7 (/opt/ros/humble/share/rclcpp/cmake)
[0.776s] -- Found rosidl_generator_c: 3.1.5 (/opt/ros/humble/share/rosidl_generator_c/cmake)
[0.780s] -- Found rosidl_adapter: 3.1.5 (/opt/ros/humble/share/rosidl_adapter/cmake)
[0.788s] -- Found rosidl_generator_cpp: 3.1.5 (/opt/ros/humble/share/rosidl_generator_cpp/cmake)
[0.800s] -- Using all available rosidl_typesupport_c: rosidl_typesupport_fastrtps_c;rosidl_typesupport_introspection_c
[0.819s] -- Using all available rosidl_typesupport_cpp: rosidl_typesupport_fastrtps_cpp;rosidl_typesupport_introspection_cpp
[0.900s] -- Found rmw_implementation_cmake: 6.1.1 (/opt/ros/humble/share/rmw_implementation_cmake/cmake)
[0.903s] -- Found rmw_cyclonedds_cpp: 1.3.4 (/opt/ros/humble/share/rmw_cyclonedds_cpp/cmake)
[0.937s] -- Using RMW implementation 'rmw_cyclonedds_cpp' as default
[0.947s] -- Looking for pthread.h
[1.014s] -- Looking for pthread.h - found
[1.014s] -- Performing Test CMAKE_HAVE_LIBC_PTHREAD
[1.112s] -- Performing Test CMAKE_HAVE_LIBC_PTHREAD - Success
[1.113s] -- Found Threads: TRUE  
[1.296s] -- Found sensor_msgs: 4.2.3 (/opt/ros/humble/share/sensor_msgs/cmake)
[1.444s] -- Found image_transport: 3.1.7 (/opt/ros/humble/share/image_transport/cmake)
[1.490s] -- Found cv_bridge: 3.2.1 (/opt/ros/humble/share/cv_bridge/cmake)
[1.513s] -- Found OpenCV: /usr (found version "4.5.4") 
[1.520s] -- Found ament_lint_auto: 0.12.9 (/opt/ros/humble/share/ament_lint_auto/cmake)
[1.594s] -- Added test 'cppcheck' to perform static code analysis on C / C++ code
[1.594s] -- Configured cppcheck include dirs: 
[1.595s] -- Configured cppcheck exclude dirs and/or files: 
[1.595s] -- Added test 'lint_cmake' to check CMake code style
[1.596s] -- Added test 'uncrustify' to check C / C++ code style
[1.596s] -- Configured uncrustify additional arguments: 
[1.597s] -- Added test 'xmllint' to check XML markup files
[1.598s] -- Configuring done
[1.615s] -- Generating done
[1.617s] -- Build files have been written to: /home/evilguti/Documentos/GitHub/cam_video_example_ws/build/cam_video_example
[1.626s] Invoked command in '/home/evilguti/Documentos/GitHub/cam_video_example_ws/build/cam_video_example' returned '0': CMAKE_PREFIX_PATH=${CMAKE_PREFIX_PATH}:/opt/ros/humble CONDA_PROMPT_MODIFIER=(base) /usr/bin/cmake /home/evilguti/Documentos/GitHub/cam_video_example_ws/cam_video_example/src/cam_video_example -DCMAKE_INSTALL_PREFIX=/home/evilguti/Documentos/GitHub/cam_video_example_ws/install/cam_video_example
[1.628s] Invoking command in '/home/evilguti/Documentos/GitHub/cam_video_example_ws/build/cam_video_example': CMAKE_PREFIX_PATH=${CMAKE_PREFIX_PATH}:/opt/ros/humble CONDA_PROMPT_MODIFIER=(base) /usr/bin/cmake --build /home/evilguti/Documentos/GitHub/cam_video_example_ws/build/cam_video_example -- -j16 -l16
[1.668s] [35m[1mConsolidate compiler generated dependencies of target camera_publisher[0m
[1.690s] [ 50%] [32mBuilding CXX object CMakeFiles/camera_publisher.dir/src/camera_publisher.cpp.o[0m
[6.671s] [100%] [32m[1mLinking CXX executable camera_publisher[0m
[7.172s] [100%] Built target camera_publisher
[7.186s] Invoked command in '/home/evilguti/Documentos/GitHub/cam_video_example_ws/build/cam_video_example' returned '0': CMAKE_PREFIX_PATH=${CMAKE_PREFIX_PATH}:/opt/ros/humble CONDA_PROMPT_MODIFIER=(base) /usr/bin/cmake --build /home/evilguti/Documentos/GitHub/cam_video_example_ws/build/cam_video_example -- -j16 -l16
[7.228s] Invoking command in '/home/evilguti/Documentos/GitHub/cam_video_example_ws/build/cam_video_example': CMAKE_PREFIX_PATH=${CMAKE_PREFIX_PATH}:/opt/ros/humble CONDA_PROMPT_MODIFIER=(base) /usr/bin/cmake --install /home/evilguti/Documentos/GitHub/cam_video_example_ws/build/cam_video_example
[7.238s] -- Install configuration: ""
[7.238s] -- Installing: /home/evilguti/Documentos/GitHub/cam_video_example_ws/install/cam_video_example/lib/cam_video_example/camera_publisher
[7.239s] -- Set runtime path of "/home/evilguti/Documentos/GitHub/cam_video_example_ws/install/cam_video_example/lib/cam_video_example/camera_publisher" to ""
[7.239s] -- Up-to-date: /home/evilguti/Documentos/GitHub/cam_video_example_ws/install/cam_video_example/share/ament_index/resource_index/package_run_dependencies/cam_video_example
[7.240s] -- Installing: /home/evilguti/Documentos/GitHub/cam_video_example_ws/install/cam_video_example/share/ament_index/resource_index/parent_prefix_path/cam_video_example
[7.240s] -- Up-to-date: /home/evilguti/Documentos/GitHub/cam_video_example_ws/install/cam_video_example/share/cam_video_example/environment/ament_prefix_path.sh
[7.240s] -- Installing: /home/evilguti/Documentos/GitHub/cam_video_example_ws/install/cam_video_example/share/cam_video_example/environment/ament_prefix_path.dsv
[7.240s] -- Up-to-date: /home/evilguti/Documentos/GitHub/cam_video_example_ws/install/cam_video_example/share/cam_video_example/environment/path.sh
[7.240s] -- Installing: /home/evilguti/Documentos/GitHub/cam_video_example_ws/install/cam_video_example/share/cam_video_example/environment/path.dsv
[7.240s] -- Up-to-date: /home/evilguti/Documentos/GitHub/cam_video_example_ws/install/cam_video_example/share/cam_video_example/local_setup.bash
[7.240s] -- Up-to-date: /home/evilguti/Documentos/GitHub/cam_video_example_ws/install/cam_video_example/share/cam_video_example/local_setup.sh
[7.240s] -- Up-to-date: /home/evilguti/Documentos/GitHub/cam_video_example_ws/install/cam_video_example/share/cam_video_example/local_setup.zsh
[7.241s] -- Installing: /home/evilguti/Documentos/GitHub/cam_video_example_ws/install/cam_video_example/share/cam_video_example/local_setup.dsv
[7.241s] -- Installing: /home/evilguti/Documentos/GitHub/cam_video_example_ws/install/cam_video_example/share/cam_video_example/package.dsv
[7.241s] -- Up-to-date: /home/evilguti/Documentos/GitHub/cam_video_example_ws/install/cam_video_example/share/ament_index/resource_index/packages/cam_video_example
[7.241s] -- Up-to-date: /home/evilguti/Documentos/GitHub/cam_video_example_ws/install/cam_video_example/share/cam_video_example/cmake/cam_video_exampleConfig.cmake
[7.241s] -- Up-to-date: /home/evilguti/Documentos/GitHub/cam_video_example_ws/install/cam_video_example/share/cam_video_example/cmake/cam_video_exampleConfig-version.cmake
[7.241s] -- Up-to-date: /home/evilguti/Documentos/GitHub/cam_video_example_ws/install/cam_video_example/share/cam_video_example/package.xml
[7.243s] Invoked command in '/home/evilguti/Documentos/GitHub/cam_video_example_ws/build/cam_video_example' returned '0': CMAKE_PREFIX_PATH=${CMAKE_PREFIX_PATH}:/opt/ros/humble CONDA_PROMPT_MODIFIER=(base) /usr/bin/cmake --install /home/evilguti/Documentos/GitHub/cam_video_example_ws/build/cam_video_example
