[0.087s] Invoking command in '/home/evilguti/Documentos/GitHub/cam_video_example_ws/build/cam_video_example': CMAKE_PREFIX_PATH=${CMAKE_PREFIX_PATH}:/opt/ros/humble CONDA_PROMPT_MODIFIER=(base) /usr/bin/cmake /home/evilguti/Documentos/GitHub/cam_video_example_ws/src/cam_video_example -DCMAKE_INSTALL_PREFIX=/home/evilguti/Documentos/GitHub/cam_video_example_ws/install/cam_video_example
[0.142s] -- The C compiler identification is GNU 11.4.0
[0.206s] -- The CXX compiler identification is GNU 11.4.0
[0.215s] -- Detecting C compiler ABI info
[0.295s] -- Detecting C compiler ABI info - done
[0.305s] -- Check for working C compiler: /usr/bin/cc - skipped
[0.305s] -- Detecting C compile features
[0.306s] -- Detecting C compile features - done
[0.309s] -- Detecting CXX compiler ABI info
[0.392s] -- Detecting CXX compiler ABI info - done
[0.401s] -- Check for working CXX compiler: /usr/bin/c++ - skipped
[0.402s] -- Detecting CXX compile features
[0.402s] -- Detecting CXX compile features - done
[0.405s] -- Found ament_cmake: 1.3.6 (/opt/ros/humble/share/ament_cmake/cmake)
[0.609s] -- Found Python3: /usr/bin/python3.10 (found version "3.10.12") found components: Interpreter 
[0.694s] -- Found rclcpp: 16.0.7 (/opt/ros/humble/share/rclcpp/cmake)
[0.738s] -- Found rosidl_generator_c: 3.1.5 (/opt/ros/humble/share/rosidl_generator_c/cmake)
[0.743s] -- Found rosidl_adapter: 3.1.5 (/opt/ros/humble/share/rosidl_adapter/cmake)
[0.750s] -- Found rosidl_generator_cpp: 3.1.5 (/opt/ros/humble/share/rosidl_generator_cpp/cmake)
[0.762s] -- Using all available rosidl_typesupport_c: rosidl_typesupport_fastrtps_c;rosidl_typesupport_introspection_c
[0.779s] -- Using all available rosidl_typesupport_cpp: rosidl_typesupport_fastrtps_cpp;rosidl_typesupport_introspection_cpp
[0.860s] -- Found rmw_implementation_cmake: 6.1.1 (/opt/ros/humble/share/rmw_implementation_cmake/cmake)
[0.863s] -- Found rmw_cyclonedds_cpp: 1.3.4 (/opt/ros/humble/share/rmw_cyclonedds_cpp/cmake)
[0.894s] -- Using RMW implementation 'rmw_cyclonedds_cpp' as default
[0.903s] -- Looking for pthread.h
[0.973s] -- Looking for pthread.h - found
[0.973s] -- Performing Test CMAKE_HAVE_LIBC_PTHREAD
[1.060s] -- Performing Test CMAKE_HAVE_LIBC_PTHREAD - Success
[1.061s] -- Found Threads: TRUE  
[1.258s] -- Found sensor_msgs: 4.2.3 (/opt/ros/humble/share/sensor_msgs/cmake)
[1.383s] -- Found image_transport: 3.1.7 (/opt/ros/humble/share/image_transport/cmake)
[1.425s] -- Found cv_bridge: 3.2.1 (/opt/ros/humble/share/cv_bridge/cmake)
[1.447s] -- Found OpenCV: /usr (found version "4.5.4") 
[1.452s] -- Found ament_lint_auto: 0.12.9 (/opt/ros/humble/share/ament_lint_auto/cmake)
[1.526s] -- Added test 'cppcheck' to perform static code analysis on C / C++ code
[1.526s] -- Configured cppcheck include dirs: 
[1.526s] -- Configured cppcheck exclude dirs and/or files: 
[1.527s] -- Added test 'lint_cmake' to check CMake code style
[1.528s] -- Added test 'uncrustify' to check C / C++ code style
[1.528s] -- Configured uncrustify additional arguments: 
[1.529s] -- Added test 'xmllint' to check XML markup files
[1.530s] -- Configuring done
[1.545s] -- Generating done
[1.547s] -- Build files have been written to: /home/evilguti/Documentos/GitHub/cam_video_example_ws/build/cam_video_example
[1.554s] Invoked command in '/home/evilguti/Documentos/GitHub/cam_video_example_ws/build/cam_video_example' returned '0': CMAKE_PREFIX_PATH=${CMAKE_PREFIX_PATH}:/opt/ros/humble CONDA_PROMPT_MODIFIER=(base) /usr/bin/cmake /home/evilguti/Documentos/GitHub/cam_video_example_ws/src/cam_video_example -DCMAKE_INSTALL_PREFIX=/home/evilguti/Documentos/GitHub/cam_video_example_ws/install/cam_video_example
[1.557s] Invoking command in '/home/evilguti/Documentos/GitHub/cam_video_example_ws/build/cam_video_example': CMAKE_PREFIX_PATH=${CMAKE_PREFIX_PATH}:/opt/ros/humble CONDA_PROMPT_MODIFIER=(base) /usr/bin/cmake --build /home/evilguti/Documentos/GitHub/cam_video_example_ws/build/cam_video_example -- -j16 -l16
[1.593s] [35m[1mConsolidate compiler generated dependencies of target camera_publisher[0m
[1.610s] [ 50%] [32m[1mLinking CXX executable camera_publisher[0m
[2.051s] [100%] Built target camera_publisher
[2.061s] Invoked command in '/home/evilguti/Documentos/GitHub/cam_video_example_ws/build/cam_video_example' returned '0': CMAKE_PREFIX_PATH=${CMAKE_PREFIX_PATH}:/opt/ros/humble CONDA_PROMPT_MODIFIER=(base) /usr/bin/cmake --build /home/evilguti/Documentos/GitHub/cam_video_example_ws/build/cam_video_example -- -j16 -l16
[2.093s] Invoking command in '/home/evilguti/Documentos/GitHub/cam_video_example_ws/build/cam_video_example': CMAKE_PREFIX_PATH=${CMAKE_PREFIX_PATH}:/opt/ros/humble CONDA_PROMPT_MODIFIER=(base) /usr/bin/cmake --install /home/evilguti/Documentos/GitHub/cam_video_example_ws/build/cam_video_example
[2.102s] -- Install configuration: ""
[2.102s] -- Installing: /home/evilguti/Documentos/GitHub/cam_video_example_ws/install/cam_video_example/lib/cam_video_example/camera_publisher
[2.103s] -- Set runtime path of "/home/evilguti/Documentos/GitHub/cam_video_example_ws/install/cam_video_example/lib/cam_video_example/camera_publisher" to ""
[2.103s] -- Installing: /home/evilguti/Documentos/GitHub/cam_video_example_ws/install/cam_video_example/share/ament_index/resource_index/package_run_dependencies/cam_video_example
[2.103s] -- Installing: /home/evilguti/Documentos/GitHub/cam_video_example_ws/install/cam_video_example/share/ament_index/resource_index/parent_prefix_path/cam_video_example
[2.103s] -- Up-to-date: /home/evilguti/Documentos/GitHub/cam_video_example_ws/install/cam_video_example/share/cam_video_example/environment/ament_prefix_path.sh
[2.103s] -- Installing: /home/evilguti/Documentos/GitHub/cam_video_example_ws/install/cam_video_example/share/cam_video_example/environment/ament_prefix_path.dsv
[2.103s] -- Up-to-date: /home/evilguti/Documentos/GitHub/cam_video_example_ws/install/cam_video_example/share/cam_video_example/environment/path.sh
[2.103s] -- Installing: /home/evilguti/Documentos/GitHub/cam_video_example_ws/install/cam_video_example/share/cam_video_example/environment/path.dsv
[2.104s] -- Up-to-date: /home/evilguti/Documentos/GitHub/cam_video_example_ws/install/cam_video_example/share/cam_video_example/local_setup.bash
[2.104s] -- Up-to-date: /home/evilguti/Documentos/GitHub/cam_video_example_ws/install/cam_video_example/share/cam_video_example/local_setup.sh
[2.104s] -- Up-to-date: /home/evilguti/Documentos/GitHub/cam_video_example_ws/install/cam_video_example/share/cam_video_example/local_setup.zsh
[2.104s] -- Installing: /home/evilguti/Documentos/GitHub/cam_video_example_ws/install/cam_video_example/share/cam_video_example/local_setup.dsv
[2.104s] -- Installing: /home/evilguti/Documentos/GitHub/cam_video_example_ws/install/cam_video_example/share/cam_video_example/package.dsv
[2.104s] -- Up-to-date: /home/evilguti/Documentos/GitHub/cam_video_example_ws/install/cam_video_example/share/ament_index/resource_index/packages/cam_video_example
[2.104s] -- Up-to-date: /home/evilguti/Documentos/GitHub/cam_video_example_ws/install/cam_video_example/share/cam_video_example/cmake/cam_video_exampleConfig.cmake
[2.104s] -- Up-to-date: /home/evilguti/Documentos/GitHub/cam_video_example_ws/install/cam_video_example/share/cam_video_example/cmake/cam_video_exampleConfig-version.cmake
[2.105s] -- Installing: /home/evilguti/Documentos/GitHub/cam_video_example_ws/install/cam_video_example/share/cam_video_example/package.xml
[2.106s] Invoked command in '/home/evilguti/Documentos/GitHub/cam_video_example_ws/build/cam_video_example' returned '0': CMAKE_PREFIX_PATH=${CMAKE_PREFIX_PATH}:/opt/ros/humble CONDA_PROMPT_MODIFIER=(base) /usr/bin/cmake --install /home/evilguti/Documentos/GitHub/cam_video_example_ws/build/cam_video_example
